<?xml version="1.0" encoding="UTF-8"?>
<testng-results ignored="0" total="3" passed="3" failed="0" skipped="0">
  <reporter-output>
  </reporter-output>
  <suite started-at="2024-08-23T18:13:10 IST" name="Default suite" finished-at="2024-08-23T18:13:41 IST" duration-ms="30994">
    <groups>
      <group name="cucumber">
        <method signature="AbstractTestNGCucumberTests.runScenario(io.cucumber.testng.PickleWrapper,io.cucumber.testng.FeatureWrapper)[pri:0, instance:com.Runner.TestRunner@6e535154]" name="runScenario" class="io.cucumber.testng.AbstractTestNGCucumberTests"/>
      </group> <!-- cucumber -->
    </groups>
    <test started-at="2024-08-23T18:13:10 IST" name="Default test" finished-at="2024-08-23T18:13:41 IST" duration-ms="30994">
      <class name="com.Runner.TestRunner">
        <test-method is-config="true" signature="setUpClass(org.testng.ITestContext)[pri:0, instance:com.Runner.TestRunner@6e535154]" started-at="2024-08-23T18:13:10 IST" name="setUpClass" finished-at="2024-08-23T18:13:10 IST" duration-ms="765" status="PASS">
          <params>
            <param index="0">
              <value>
                <![CDATA[org.testng.TestRunner@13e5d243]]>
              </value>
            </param>
          </params>
          <reporter-output>
          </reporter-output>
        </test-method> <!-- setUpClass -->
        <test-method signature="runScenario(io.cucumber.testng.PickleWrapper,io.cucumber.testng.FeatureWrapper)[pri:0, instance:com.Runner.TestRunner@6e535154]" started-at="2024-08-23T18:13:10 IST" name="runScenario" description="Runs Cucumber Scenarios" data-provider="scenarios" finished-at="2024-08-23T18:13:22 IST" duration-ms="11992" status="PASS">
          <params>
            <param index="0">
              <value>
                <![CDATA["Validate the login using correct username and password"]]>
              </value>
            </param>
            <param index="1">
              <value>
                <![CDATA["Login"]]>
              </value>
            </param>
          </params>
          <reporter-output>
          </reporter-output>
        </test-method> <!-- runScenario -->
        <test-method signature="runScenario(io.cucumber.testng.PickleWrapper,io.cucumber.testng.FeatureWrapper)[pri:0, instance:com.Runner.TestRunner@6e535154]" started-at="2024-08-23T18:13:22 IST" name="runScenario" description="Runs Cucumber Scenarios" data-provider="scenarios" finished-at="2024-08-23T18:13:31 IST" duration-ms="8325" status="PASS">
          <params>
            <param index="0">
              <value>
                <![CDATA["Validate the login using incorrect username and password"]]>
              </value>
            </param>
            <param index="1">
              <value>
                <![CDATA["Login"]]>
              </value>
            </param>
          </params>
          <reporter-output>
          </reporter-output>
        </test-method> <!-- runScenario -->
        <test-method signature="runScenario(io.cucumber.testng.PickleWrapper,io.cucumber.testng.FeatureWrapper)[pri:0, instance:com.Runner.TestRunner@6e535154]" started-at="2024-08-23T18:13:31 IST" name="runScenario" description="Runs Cucumber Scenarios" data-provider="scenarios" finished-at="2024-08-23T18:13:41 IST" duration-ms="9805" status="PASS">
          <params>
            <param index="0">
              <value>
                <![CDATA["Validate that forgot password sends an email."]]>
              </value>
            </param>
            <param index="1">
              <value>
                <![CDATA["Login"]]>
              </value>
            </param>
          </params>
          <reporter-output>
          </reporter-output>
        </test-method> <!-- runScenario -->
        <test-method is-config="true" signature="tearDownClass()[pri:0, instance:com.Runner.TestRunner@6e535154]" started-at="2024-08-23T18:13:41 IST" name="tearDownClass" finished-at="2024-08-23T18:13:41 IST" duration-ms="46" status="PASS">
          <reporter-output>
          </reporter-output>
        </test-method> <!-- tearDownClass -->
      </class> <!-- com.Runner.TestRunner -->
    </test> <!-- Default test -->
  </suite> <!-- Default suite -->
</testng-results>
